2025-01-02 16:09:04,039 - my_logger - INFO - GET SESSION FROM : PairRecord
2025-01-02 16:09:04,040 - my_logger - INFO - ------------------ SESSION OPEN ------------------
2025-01-02 16:09:04,040 - my_logger - INFO - ------------------ SESSION CLOSED ------------------
2025-01-02 16:09:04,052 - my_logger - INFO - GET SESSION FROM : PairRecord
2025-01-02 16:09:04,052 - my_logger - INFO - ------------------ SESSION OPEN ------------------
2025-01-02 16:09:04,052 - my_logger - INFO - ------------------ SESSION CLOSED ------------------
2025-01-02 16:09:04,061 - my_logger - INFO - Synced successfully. Total: 1316
2025-01-02 16:09:04,333 - my_logger - INFO - Bot running...
2025-01-02 16:10:50,595 - my_logger - INFO - GET SESSION FROM : PairRecord
2025-01-02 16:10:50,595 - my_logger - INFO - ------------------ SESSION OPEN ------------------
2025-01-02 16:10:50,595 - my_logger - INFO - ------------------ SESSION CLOSED ------------------
2025-01-02 16:10:50,603 - my_logger - INFO - GET SESSION FROM : PairRecord
2025-01-02 16:10:50,603 - my_logger - INFO - ------------------ SESSION OPEN ------------------
2025-01-02 16:10:50,604 - my_logger - INFO - ------------------ SESSION CLOSED ------------------
2025-01-02 16:10:50,610 - my_logger - INFO - Synced successfully. Total: 1316
2025-01-02 16:10:50,800 - my_logger - INFO - Bot running...
2025-01-02 16:10:53,245 - my_logger - INFO - User PHAH started the conversation.
2025-01-02 16:11:16,299 - my_logger - INFO - GET SESSION FROM : PairRecord
2025-01-02 16:11:16,299 - my_logger - INFO - ------------------ SESSION OPEN ------------------
2025-01-02 16:11:16,300 - my_logger - INFO - ------------------ SESSION CLOSED ------------------
2025-01-02 16:11:16,309 - my_logger - INFO - GET SESSION FROM : PairRecord
2025-01-02 16:11:16,309 - my_logger - INFO - ------------------ SESSION OPEN ------------------
2025-01-02 16:11:16,309 - my_logger - INFO - ------------------ SESSION CLOSED ------------------
2025-01-02 16:11:16,319 - my_logger - INFO - Synced successfully. Total: 1316
2025-01-02 16:11:16,567 - my_logger - INFO - Bot running...
2025-01-02 16:11:21,509 - my_logger - INFO - User PHAH started the conversation.
2025-01-02 16:11:23,061 - my_logger - INFO - HANDLE VIEW PAIR
2025-01-02 16:11:25,360 - my_logger - INFO - GET SESSION FROM : PairRecord
2025-01-02 16:11:25,361 - my_logger - INFO - ------------------ SESSION OPEN ------------------
2025-01-02 16:11:25,361 - my_logger - INFO - ------------------ SESSION CLOSED ------------------
2025-01-02 16:11:26,963 - my_logger - INFO - HANDLE VIEW SIGNAL
2025-01-02 16:11:40,918 - my_logger - INFO - GET SESSION FROM : PairRecord
2025-01-02 16:11:40,918 - my_logger - INFO - ------------------ SESSION OPEN ------------------
2025-01-02 16:11:40,918 - my_logger - INFO - ------------------ SESSION CLOSED ------------------
2025-01-02 16:11:44,363 - my_logger - INFO - GET SESSION FROM : PairRecord
2025-01-02 16:11:44,363 - my_logger - INFO - ------------------ SESSION OPEN ------------------
2025-01-02 16:11:44,363 - my_logger - INFO - ------------------ SESSION CLOSED ------------------
2025-01-02 16:11:44,364 - my_logger - INFO - GET SESSION FROM : SignalRecord
2025-01-02 16:11:44,364 - my_logger - INFO - ------------------ SESSION OPEN ------------------
2025-01-02 16:11:44,364 - my_logger - INFO - ------------------ SESSION CLOSED ------------------
2025-01-02 16:11:50,384 - my_logger - INFO - User PHAH started the conversation.
2025-01-02 16:12:13,101 - my_logger - INFO - GET SESSION FROM : PairRecord
2025-01-02 16:12:13,101 - my_logger - INFO - ------------------ SESSION OPEN ------------------
2025-01-02 16:12:13,101 - my_logger - INFO - ------------------ SESSION CLOSED ------------------
2025-01-02 16:12:13,109 - my_logger - INFO - GET SESSION FROM : PairRecord
2025-01-02 16:12:13,109 - my_logger - INFO - ------------------ SESSION OPEN ------------------
2025-01-02 16:12:13,109 - my_logger - INFO - ------------------ SESSION CLOSED ------------------
2025-01-02 16:12:13,116 - my_logger - INFO - Synced successfully. Total: 1316
2025-01-02 16:12:13,311 - my_logger - INFO - Bot running...
2025-01-02 16:12:26,479 - my_logger - INFO - User PHAH started the conversation.
2025-01-02 16:12:28,129 - my_logger - INFO - HANDLE VIEW SIGNAL
2025-01-02 16:16:42,188 - my_logger - INFO - GET SESSION FROM : PairRecord
2025-01-02 16:16:42,188 - my_logger - INFO - ------------------ SESSION OPEN ------------------
2025-01-02 16:16:42,188 - my_logger - INFO - ------------------ SESSION CLOSED ------------------
2025-01-02 16:16:42,197 - my_logger - INFO - GET SESSION FROM : PairRecord
2025-01-02 16:16:42,197 - my_logger - INFO - ------------------ SESSION OPEN ------------------
2025-01-02 16:16:42,197 - my_logger - INFO - ------------------ SESSION CLOSED ------------------
2025-01-02 16:16:42,204 - my_logger - INFO - Synced successfully. Total: 1316
2025-01-02 16:16:42,399 - my_logger - INFO - Bot running...
